<?xml version="1.0" encoding="UTF-8"?>
<!-- Generated by org.testng.reporters.JUnitReportReporter -->
<testsuite hostname="W-PF3G8L3K" failures="0" tests="1" name="com.medifee.medifee_treatment.TreatmentPriceData" time="348.913" errors="0" timestamp="2024-02-04T19:51:20 IST" skipped="0">
  <testcase classname="com.medifee.medifee_treatment.TreatmentPriceData" name="getTreatmentPriceData" time="348.913"/>
  <system-out/>
</testsuite> <!-- com.medifee.medifee_treatment.TreatmentPriceData -->
