<?xml version="1.0" encoding="UTF-8"?>
<!-- Generated by org.testng.reporters.JUnitReportReporter -->
<testsuite hostname="W-PF3G8L3K" failures="0" tests="1" name="com.medifee.medifee_treatment.TreatmentPriceFetcher2" time="546.321" errors="0" timestamp="2024-02-09T18:28:05 IST" skipped="0">
  <testcase classname="com.medifee.medifee_treatment.TreatmentPriceFetcher2" name="getTreatmentPriceData2" time="546.321"/>
  <system-out/>
</testsuite> <!-- com.medifee.medifee_treatment.TreatmentPriceFetcher2 -->
