<?xml version="1.0" encoding="UTF-8"?>
<!-- Generated by org.testng.reporters.JUnitReportReporter -->
<testsuite hostname="W-PF3G8L3K" failures="0" tests="1" name="com.medifee.medifee_treatment.TreatmentPriceFetcher" time="14.013" errors="0" timestamp="2024-02-07T15:10:26 IST" skipped="0">
  <testcase classname="com.medifee.medifee_treatment.TreatmentPriceFetcher" name="getTreatmentPriceData" time="14.013"/>
  <system-out/>
</testsuite> <!-- com.medifee.medifee_treatment.TreatmentPriceFetcher -->
